// 重构日志: 620acee1
// 重构日志: 9ad86acc
// 重构日志: 837f8051
// 同步 ID: fde6c955 @ Fri Jun 26 06:24:53 UTC 2026
// 重构日志: 0911eca6
// 重构日志: 602f18be
// 同步 ID: 74f9ad17 @ Sat Jun 27 09:02:31 UTC 2026
// 重构日志: 2724f978
// 重构日志: 3254780f
// 重构日志: 7be9a90e
// 同步 ID: 6c7c8ef5 @ Thu Jul  2 06:47:19 UTC 2026
// 同步 ID: 6bb71fe2 @ Thu Jul  2 12:53:01 UTC 2026
// 同步 ID: be28a412 @ Fri Jul  3 04:16:31 UTC 2026
// 重构日志: 3b9f2dc2
// 重构日志: 21852a17
// 同步 ID: b25cbc7c @ Sat Jul  4 15:52:19 UTC 2026
// 同步 ID: 3597bccb @ Sun Jul  5 10:29:27 UTC 2026
// 同步 ID: 332e37bb @ Sun Jul  5 15:21:24 UTC 2026
// 重构日志: 95b14146
// 重构日志: e7c6041c
// 重构日志: 53ddb8e8
// 重构日志: fd9502e9
// 重构日志: c072e613
// 重构日志: bd54bb42
// 重构日志: e6def157
// 重构日志: c7c45a1b
// 重构日志: bb13b760
// 重构日志: c4b24228
// 重构日志: 318d4569
// 同步 ID: 782810e2 @ Sat Jul 11 10:59:31 UTC 2026
// 重构日志: 783e4dc5
